<?xml version="1.0" encoding="UTF-8"?>
<coverage generated="1543807992585" clover="3.2.0">
  <project timestamp="1543807992585" name="All files">
    <metrics statements="59" coveredstatements="9" conditionals="2" coveredconditionals="0" methods="21" coveredmethods="3" elements="82" coveredelements="12" complexity="0" loc="59" ncloc="59" packages="3" files="7" classes="7">
      <package name="src">
        <metrics statements="16" coveredstatements="0" conditionals="2" coveredconditionals="0" methods="3" coveredmethods="0"/>
        <file name="App.js" path="/home/peter/projects/triangle/web/client/src/App.js">
          <metrics statements="11" coveredstatements="0" conditionals="2" coveredconditionals="0" methods="3" coveredmethods="0"/>
          <line num="1" count="0" type="stmt"/>
          <line num="2" count="0" type="stmt"/>
          <line num="3" count="0" type="stmt"/>
          <line num="4" count="0" type="stmt"/>
          <line num="5" count="0" type="stmt"/>
          <line num="6" count="0" type="stmt"/>
          <line num="10" count="0" type="stmt"/>
          <line num="11" count="0" type="stmt"/>
          <line num="14" count="0" type="stmt"/>
          <line num="18" count="0" type="stmt"/>
          <line num="22" count="0" type="stmt"/>
        </file>
        <file name="index.js" path="/home/peter/projects/triangle/web/client/src/index.js">
          <metrics statements="5" coveredstatements="0" conditionals="0" coveredconditionals="0" methods="0" coveredmethods="0"/>
          <line num="1" count="0" type="stmt"/>
          <line num="2" count="0" type="stmt"/>
          <line num="3" count="0" type="stmt"/>
          <line num="4" count="0" type="stmt"/>
          <line num="6" count="0" type="stmt"/>
        </file>
      </package>
      <package name="src.components">
        <metrics statements="26" coveredstatements="9" conditionals="0" coveredconditionals="0" methods="11" coveredmethods="3"/>
        <file name="DisplayTriangleType.component.jsx" path="/home/peter/projects/triangle/web/client/src/components/DisplayTriangleType.component.jsx">
          <metrics statements="3" coveredstatements="0" conditionals="0" coveredconditionals="0" methods="1" coveredmethods="0"/>
          <line num="1" count="0" type="stmt"/>
          <line num="2" count="0" type="stmt"/>
          <line num="3" count="0" type="stmt"/>
        </file>
        <file name="Header.component.jsx" path="/home/peter/projects/triangle/web/client/src/components/Header.component.jsx">
          <metrics statements="2" coveredstatements="0" conditionals="0" coveredconditionals="0" methods="1" coveredmethods="0"/>
          <line num="1" count="0" type="stmt"/>
          <line num="3" count="0" type="stmt"/>
        </file>
        <file name="InputLengths.component.jsx" path="/home/peter/projects/triangle/web/client/src/components/InputLengths.component.jsx">
          <metrics statements="16" coveredstatements="9" conditionals="0" coveredconditionals="0" methods="7" coveredmethods="3"/>
          <line num="6" count="2" type="stmt"/>
          <line num="7" count="2" type="stmt"/>
          <line num="9" count="2" type="stmt"/>
          <line num="10" count="2" type="stmt"/>
          <line num="11" count="2" type="stmt"/>
          <line num="15" count="0" type="stmt"/>
          <line num="16" count="0" type="stmt"/>
          <line num="19" count="0" type="stmt"/>
          <line num="20" count="0" type="stmt"/>
          <line num="21" count="0" type="stmt"/>
          <line num="24" count="1" type="stmt"/>
          <line num="25" count="1" type="stmt"/>
          <line num="26" count="1" type="stmt"/>
          <line num="36" count="0" type="stmt"/>
          <line num="37" count="0" type="stmt"/>
          <line num="41" count="2" type="stmt"/>
        </file>
        <file name="Instructions.component.jsx" path="/home/peter/projects/triangle/web/client/src/components/Instructions.component.jsx">
          <metrics statements="5" coveredstatements="0" conditionals="0" coveredconditionals="0" methods="2" coveredmethods="0"/>
          <line num="1" count="0" type="stmt"/>
          <line num="3" count="0" type="stmt"/>
          <line num="5" count="0" type="stmt"/>
          <line num="6" count="0" type="stmt"/>
          <line num="8" count="0" type="stmt"/>
        </file>
      </package>
      <package name="src.stories">
        <metrics statements="17" coveredstatements="0" conditionals="0" coveredconditionals="0" methods="7" coveredmethods="0"/>
        <file name="index.js" path="/home/peter/projects/triangle/web/client/src/stories/index.js">
          <metrics statements="17" coveredstatements="0" conditionals="0" coveredconditionals="0" methods="7" coveredmethods="0"/>
          <line num="1" count="0" type="stmt"/>
          <line num="3" count="0" type="stmt"/>
          <line num="4" count="0" type="stmt"/>
          <line num="5" count="0" type="stmt"/>
          <line num="7" count="0" type="stmt"/>
          <line num="8" count="0" type="stmt"/>
          <line num="9" count="0" type="stmt"/>
          <line num="11" count="0" type="stmt"/>
          <line num="13" count="0" type="stmt"/>
          <line num="14" count="0" type="stmt"/>
          <line num="16" count="0" type="stmt"/>
          <line num="23" count="0" type="stmt"/>
          <line num="24" count="0" type="stmt"/>
          <line num="25" count="0" type="stmt"/>
          <line num="26" count="0" type="stmt"/>
          <line num="28" count="0" type="stmt"/>
          <line num="29" count="0" type="stmt"/>
        </file>
      </package>
    </metrics>
  </project>
</coverage>
